<?xml version="1.0" encoding="UTF-8"?>
<!-- Generated by org.testng.reporters.JUnitXMLReporter -->
<testsuite ignored="0" hostname="DESKTOP-B1SBRCM" failures="0" tests="4" name="Test" time="56.277" errors="0" timestamp="2022-02-08T14:59:16 IST">
  <testcase classname="Vigneshassignment.Amazonpara" name="test1" time="1.132"/>
  <testcase classname="Vigneshassignment.Amazonpara" name="test2" time="6.595"/>
  <testcase classname="Vigneshassignment.Amazonpara" name="test3" time="2.579"/>
  <testcase classname="Vigneshassignment.Amazonpara" name="test4" time="34.179"/>
</testsuite> <!-- Test -->
