<?xml version="1.0" encoding="UTF-8"?>
<!-- Generated by org.testng.reporters.JUnitXMLReporter -->
<testsuite ignored="0" hostname="DESKTOP-B1SBRCM" failures="0" tests="3" name="Test" time="118.135" errors="0" timestamp="2022-02-11T17:21:34 IST">
  <testcase classname="testScenarios.Test_Amazon" name="HomePageOperation1" time="19.377"/>
  <testcase classname="testScenarios.Test_Amazon" name="HomePageOperation2" time="1.389"/>
  <testcase classname="testScenarios.Test_Amazon" name="addToCartOperation" time="11.038"/>
</testsuite> <!-- Test -->
