<?xml version="1.0" encoding="UTF-8"?>
<testng-results ignored="0" total="4" passed="4" failed="0" skipped="0">
  <reporter-output>
  </reporter-output>
  <suite started-at="2022-02-08T14:58:20 IST" name="Suite" finished-at="2022-02-08T14:59:16 IST" duration-ms="56277">
    <groups>
    </groups>
    <test started-at="2022-02-08T14:58:20 IST" name="Test" finished-at="2022-02-08T14:59:16 IST" duration-ms="56277">
      <class name="Vigneshassignment.Amazonpara">
        <test-method is-config="true" signature="driverInstance1()[pri:0, instance:Vigneshassignment.Amazonpara@212b5695]" started-at="2022-02-08T14:58:20 IST" name="driverInstance1" finished-at="2022-02-08T14:58:31 IST" duration-ms="10854" status="PASS">
          <reporter-output>
          </reporter-output>
        </test-method> <!-- driverInstance1 -->
        <test-method signature="test1()[pri:0, instance:Vigneshassignment.Amazonpara@212b5695]" started-at="2022-02-08T14:58:31 IST" name="test1" finished-at="2022-02-08T14:58:32 IST" duration-ms="1132" status="PASS">
          <reporter-output>
          </reporter-output>
        </test-method> <!-- test1 -->
        <test-method signature="test2(java.lang.String)[pri:1, instance:Vigneshassignment.Amazonpara@212b5695]" started-at="2022-02-08T14:58:32 IST" name="test2" finished-at="2022-02-08T14:58:39 IST" duration-ms="6595" status="PASS">
          <params>
            <param index="0">
              <value>
                <![CDATA[Hauser XO Ball Pen]]>
              </value>
            </param>
          </params>
          <reporter-output>
          </reporter-output>
        </test-method> <!-- test2 -->
        <test-method signature="test3()[pri:2, instance:Vigneshassignment.Amazonpara@212b5695]" started-at="2022-02-08T14:58:39 IST" name="test3" finished-at="2022-02-08T14:58:41 IST" duration-ms="2579" status="PASS">
          <reporter-output>
          </reporter-output>
        </test-method> <!-- test3 -->
        <test-method signature="test4()[pri:3, instance:Vigneshassignment.Amazonpara@212b5695]" started-at="2022-02-08T14:58:41 IST" name="test4" finished-at="2022-02-08T14:59:15 IST" duration-ms="34179" status="PASS">
          <reporter-output>
          </reporter-output>
        </test-method> <!-- test4 -->
        <test-method is-config="true" signature="driverInstance2()[pri:0, instance:Vigneshassignment.Amazonpara@212b5695]" started-at="2022-02-08T14:59:15 IST" name="driverInstance2" finished-at="2022-02-08T14:59:16 IST" duration-ms="786" status="PASS">
          <reporter-output>
          </reporter-output>
        </test-method> <!-- driverInstance2 -->
      </class> <!-- Vigneshassignment.Amazonpara -->
    </test> <!-- Test -->
  </suite> <!-- Suite -->
</testng-results>
