<?xml version="1.0" encoding="UTF-8"?>
<testng-results ignored="0" total="3" passed="3" failed="0" skipped="0">
  <reporter-output>
  </reporter-output>
  <suite started-at="2022-02-11T17:19:36 IST" name="Suite" finished-at="2022-02-11T17:21:34 IST" duration-ms="118135">
    <groups>
    </groups>
    <test started-at="2022-02-11T17:19:36 IST" name="Test" finished-at="2022-02-11T17:21:34 IST" duration-ms="118135">
      <class name="testScenarios.Test_Amazon">
        <test-method is-config="true" signature="driverInstance1(java.lang.String)[pri:0, instance:testScenarios.Test_Amazon@78123e82]" started-at="2022-02-11T17:19:36 IST" name="driverInstance1" finished-at="2022-02-11T17:21:01 IST" duration-ms="85156" status="PASS">
          <params>
            <param index="0">
              <value>
                <![CDATA[https://www.amazon.in/]]>
              </value>
            </param>
          </params>
          <reporter-output>
          </reporter-output>
        </test-method> <!-- driverInstance1 -->
        <test-method signature="HomePageOperation1(java.lang.String)[pri:0, instance:testScenarios.Test_Amazon@78123e82]" started-at="2022-02-11T17:21:01 IST" name="HomePageOperation1" finished-at="2022-02-11T17:21:21 IST" duration-ms="19377" status="PASS">
          <params>
            <param index="0">
              <value>
                <![CDATA[Hauser XO Ball Pen]]>
              </value>
            </param>
          </params>
          <reporter-output>
          </reporter-output>
        </test-method> <!-- HomePageOperation1 -->
        <test-method signature="HomePageOperation2()[pri:0, instance:testScenarios.Test_Amazon@78123e82]" started-at="2022-02-11T17:21:21 IST" name="HomePageOperation2" finished-at="2022-02-11T17:21:22 IST" duration-ms="1389" status="PASS">
          <reporter-output>
          </reporter-output>
        </test-method> <!-- HomePageOperation2 -->
        <test-method signature="addToCartOperation()[pri:0, instance:testScenarios.Test_Amazon@78123e82]" started-at="2022-02-11T17:21:22 IST" name="addToCartOperation" finished-at="2022-02-11T17:21:33 IST" duration-ms="11038" status="PASS">
          <reporter-output>
          </reporter-output>
        </test-method> <!-- addToCartOperation -->
        <test-method is-config="true" signature="driverInstance2()[pri:0, instance:testScenarios.Test_Amazon@78123e82]" started-at="2022-02-11T17:21:33 IST" name="driverInstance2" finished-at="2022-02-11T17:21:34 IST" duration-ms="1034" status="PASS">
          <reporter-output>
          </reporter-output>
        </test-method> <!-- driverInstance2 -->
      </class> <!-- testScenarios.Test_Amazon -->
    </test> <!-- Test -->
  </suite> <!-- Suite -->
</testng-results>
